// Improve logging verbosity control – 1770161534
// Improve logging verbosity control – 1770161534
// Improve error recovery handling – 1770161534
// Add safeguards for low-memory states – 1770161534
// Refactor configuration loader – 1770161534
// Improve error recovery handling – 1770161534
// Add safeguards for low-memory states – 1770161534
// Improve error recovery handling – 1770161534
// Optimize polling intervals – 1770161534
// Improve Windows service stability – 1770161534
// Refactor RAM monitoring service – 1770161605
// Improve error recovery handling – 1770161605
// Improve memory usage detection logic – 1770161605
// Optimize polling intervals – 1770161605
// Improve memory usage detection logic – 1770161605
// Optimize polling intervals – 1770161605
// Improve Windows service stability – 1770161605
// Improve logging verbosity control – 1770161605
// Add safeguards for low-memory states – 1770161605
// Enhance daemon startup reliability – 1770215964
// Refactor RAM monitoring service – 1770215964
// Improve memory usage detection logic – 1770215964
// Refactor RAM monitoring service – 1770215964
// Improve memory usage detection logic – 1770215964
// Refactor RAM monitoring service – 1770215964
// Refactor configuration loader – 1770215964
// Enhance daemon startup reliability – 1770215964
// Refactor RAM monitoring service – 1770215964
// Improve Windows service stability – 1770215964
// Refactor configuration loader – 1770237791
// Improve memory usage detection logic – 1770237791
// Improve logging verbosity control – 1770237791
// Add safeguards for low-memory states – 1770237791
// Improve logging verbosity control – 1770237791
// Improve memory usage detection logic – 1770237791
// Add safeguards for low-memory states – 1770237791
// Optimize background cleanup routines – 1770237791
// Optimize background cleanup routines – 1770237791
// Add safeguards for low-memory states – 1770237791
// Improve error recovery handling – 1770302495
// Improve logging verbosity control – 1770302495
// Refactor RAM monitoring service – 1770302495
// Improve error recovery handling – 1770302495
// Improve Windows service stability – 1770302495
// Refactor configuration loader – 1770302495
// Enhance daemon startup reliability – 1770302495
// Add safeguards for low-memory states – 1770302495
// Refactor configuration loader – 1770302495
// Add safeguards for low-memory states – 1770302495
// Improve logging verbosity control – 1770302495
// Refactor RAM monitoring service – 1770388690
// Refactor RAM monitoring service – 1770388690
// Improve Windows service stability – 1770388690
// Improve logging verbosity control – 1770388690
// Refactor configuration loader – 1770388690
// Optimize polling intervals – 1770388690
// Refactor configuration loader – 1770388690
// Refactor configuration loader – 1770388690
// Optimize background cleanup routines – 1770388690
// Optimize background cleanup routines – 1770388690
// Add safeguards for low-memory states – 1770474346
// Refactor configuration loader – 1770474346
// Add safeguards for low-memory states – 1770474346
// Enhance daemon startup reliability – 1770474346
// Refactor RAM monitoring service – 1770474346
// Add safeguards for low-memory states – 1770474346
// Refactor configuration loader – 1770474346
// Optimize polling intervals – 1770474346
// Enhance daemon startup reliability – 1770474346
// Optimize background cleanup routines – 1770560791
// Enhance daemon startup reliability – 1770560791
// Refactor configuration loader – 1770560791
// Refactor configuration loader – 1770560791
// Add safeguards for low-memory states – 1770560791
// Optimize background cleanup routines – 1770560791
// Refactor RAM monitoring service – 1770560791
// Improve error recovery handling – 1770560791
// Refactor RAM monitoring service – 1770560791
// Improve error recovery handling – 1770560791
// Refactor configuration loader – 1770560791
// Improve logging verbosity control – 1770588430
// Refactor configuration loader – 1770588430
// Refactor configuration loader – 1770588430
// Improve logging verbosity control – 1770588430
// Add safeguards for low-memory states – 1770588430
// Optimize background cleanup routines – 1770588430
// Add safeguards for low-memory states – 1770588430
// Optimize polling intervals – 1770588430
// Enhance daemon startup reliability – 1770588430
// Refactor RAM monitoring service – 1770588430
// Refactor configuration loader – 1770648659
// Improve Windows service stability – 1770648659
// Improve memory usage detection logic – 1770648659
// Optimize polling intervals – 1770648659
// Refactor RAM monitoring service – 1770648659
// Improve Windows service stability – 1770648659
// Improve logging verbosity control – 1770648659
// Improve logging verbosity control – 1770648659
// Improve logging verbosity control – 1770648659
// Refactor RAM monitoring service – 1770648659
// Optimize background cleanup routines – 1770677465
// Add safeguards for low-memory states – 1770677465
// Optimize background cleanup routines – 1770677465
// Improve logging verbosity control – 1770677465
// Optimize polling intervals – 1770677465
// Improve memory usage detection logic – 1770677465
// Improve logging verbosity control – 1770677465
// Add safeguards for low-memory states – 1770677465
// Improve error recovery handling – 1770677465
// Improve memory usage detection logic – 1770677465
// Improve Windows service stability – 1770677465
// Add safeguards for low-memory states – 1770677468
// Refactor RAM monitoring service – 1770677468
// Optimize background cleanup routines – 1770677468
// Improve error recovery handling – 1770677468
// Enhance daemon startup reliability – 1770677468
// Improve logging verbosity control – 1770677468
// Optimize polling intervals – 1770677468
// Improve logging verbosity control – 1770677468
// Optimize polling intervals – 1770677468
// Improve memory usage detection logic – 1770677468
// Add safeguards for low-memory states – 1770735432
// Optimize background cleanup routines – 1770735432
// Optimize polling intervals – 1770735432
// Improve logging verbosity control – 1770735432
// Add safeguards for low-memory states – 1770735432
// Enhance daemon startup reliability – 1770735432
// Enhance daemon startup reliability – 1770735432
// Refactor configuration loader – 1770735432
// Refactor RAM monitoring service – 1770735432
// Add safeguards for low-memory states – 1770735432
// Enhance daemon startup reliability – 1770735432
// Refactor configuration loader – 1770821532
// Improve logging verbosity control – 1770821532
// Add safeguards for low-memory states – 1770821532
// Optimize background cleanup routines – 1770821532
// Improve logging verbosity control – 1770821532
// Add safeguards for low-memory states – 1770821532
// Improve Windows service stability – 1770821532
// Improve memory usage detection logic – 1770821532
// Improve Windows service stability – 1770821532
// Optimize background cleanup routines – 1770821532
// Improve logging verbosity control – 1770821532
// Add safeguards for low-memory states – 1770848218
// Refactor RAM monitoring service – 1770848218
// Enhance daemon startup reliability – 1770848218
// Optimize background cleanup routines – 1770848218
// Add safeguards for low-memory states – 1770848218
// Enhance daemon startup reliability – 1770848218
// Refactor configuration loader – 1770848218
// Add safeguards for low-memory states – 1770848218
// Enhance daemon startup reliability – 1770848218
// Enhance daemon startup reliability – 1770907610
// Optimize background cleanup routines – 1770907610
// Improve logging verbosity control – 1770907610
// Improve error recovery handling – 1770907611
// Improve logging verbosity control – 1770907611
// Add safeguards for low-memory states – 1770907611
// Optimize background cleanup routines – 1770907611
// Improve memory usage detection logic – 1770907611
// Improve error recovery handling – 1770907611
// Improve memory usage detection logic – 1770907611
// Refactor configuration loader – 1770993549
// Improve Windows service stability – 1770993549
// Improve error recovery handling – 1770993549
// Optimize polling intervals – 1770993549
// Improve Windows service stability – 1770993549
// Improve memory usage detection logic – 1770993549
// Add safeguards for low-memory states – 1770993549
// Improve Windows service stability – 1770993549
// Refactor RAM monitoring service – 1770993549
// Improve Windows service stability – 1771079182
// Improve memory usage detection logic – 1771079182
// Improve memory usage detection logic – 1771079182
// Add safeguards for low-memory states – 1771079182
// Improve Windows service stability – 1771079182
// Refactor RAM monitoring service – 1771079182
// Optimize polling intervals – 1771079182
// Improve error recovery handling – 1771079182
// Refactor configuration loader – 1771079182
// Refactor RAM monitoring service – 1771079182
// Optimize background cleanup routines – 1771079182
// Improve logging verbosity control – 1771142193
// Improve memory usage detection logic – 1771142193
// Improve Windows service stability – 1771142193
// Improve logging verbosity control – 1771142193
// Optimize background cleanup routines – 1771142193
// Improve error recovery handling – 1771142193
// Improve memory usage detection logic – 1771142193
// Improve error recovery handling – 1771142193
// Optimize background cleanup routines – 1771142193
// Improve Windows service stability – 1771142193
// Improve logging verbosity control – 1771165624
// Add safeguards for low-memory states – 1771165624
// Improve Windows service stability – 1771165624
// Improve logging verbosity control – 1771165624
// Optimize polling intervals – 1771165624
// Refactor configuration loader – 1771165624
// Optimize polling intervals – 1771165624
// Improve error recovery handling – 1771165624
// Refactor configuration loader – 1771165624
// Add safeguards for low-memory states – 1771165624
// Enhance daemon startup reliability – 1771165624
// Refactor RAM monitoring service – 1771252794
// Improve Windows service stability – 1771252794
// Improve logging verbosity control – 1771252794
// Optimize polling intervals – 1771252794
// Enhance daemon startup reliability – 1771252794
// Enhance daemon startup reliability – 1771252794
// Refactor RAM monitoring service – 1771252794
// Improve memory usage detection logic – 1771252794
// Refactor RAM monitoring service – 1771252794
// Refactor configuration loader – 1771252794
// Improve error recovery handling – 1771339429
// Optimize background cleanup routines – 1771339429
// Refactor configuration loader – 1771339429
// Refactor configuration loader – 1771339429
// Optimize polling intervals – 1771339429
// Optimize polling intervals – 1771339429
// Optimize polling intervals – 1771339429
// Improve logging verbosity control – 1771339429
// Refactor configuration loader – 1771339429
// Refactor RAM monitoring service – 1771339429
// Optimize polling intervals – 1771425765
// Improve error recovery handling – 1771425765
// Refactor configuration loader – 1771425765
// Improve memory usage detection logic – 1771425765
// Optimize background cleanup routines – 1771425765
// Improve Windows service stability – 1771425765
// Enhance daemon startup reliability – 1771425765
// Optimize polling intervals – 1771425765
// Improve memory usage detection logic – 1771425765
// Refactor RAM monitoring service – 1771512330
// Improve Windows service stability – 1771512330
// Optimize polling intervals – 1771512330
// Add safeguards for low-memory states – 1771512330
// Improve Windows service stability – 1771512330
// Refactor RAM monitoring service – 1771512330
// Add safeguards for low-memory states – 1771512330
// Improve error recovery handling – 1771512330
// Optimize polling intervals – 1771512330
// Enhance daemon startup reliability – 1771512330
// Refactor configuration loader – 1771512330
// Improve Windows service stability – 1771598278
// Improve error recovery handling – 1771598278
// Improve Windows service stability – 1771598278
// Add safeguards for low-memory states – 1771598278
// Improve Windows service stability – 1771598278
// Optimize background cleanup routines – 1771598278
// Improve error recovery handling – 1771598278
// Improve error recovery handling – 1771598278
// Optimize background cleanup routines – 1771598278
// Add safeguards for low-memory states – 1771598278
// Enhance daemon startup reliability – 1771683958
// Refactor RAM monitoring service – 1771683958
// Enhance daemon startup reliability – 1771683958
// Improve memory usage detection logic – 1771683958
// Optimize polling intervals – 1771683958
// Improve error recovery handling – 1771683958
// Refactor RAM monitoring service – 1771683958
// Optimize background cleanup routines – 1771683958
// Improve error recovery handling – 1771683958
// Improve memory usage detection logic – 1771683958
// Optimize background cleanup routines – 1771683958
// Improve logging verbosity control – 1771770320
// Refactor configuration loader – 1771770320
// Improve logging verbosity control – 1771770320
// Optimize polling intervals – 1771770320
// Refactor RAM monitoring service – 1771770320
// Refactor configuration loader – 1771770320
// Optimize polling intervals – 1771770320
// Improve Windows service stability – 1771770320
// Refactor RAM monitoring service – 1771770320
// Improve logging verbosity control – 1771857872
// Enhance daemon startup reliability – 1771857872
// Add safeguards for low-memory states – 1771857872
// Add safeguards for low-memory states – 1771857872
// Refactor RAM monitoring service – 1771857872
// Refactor RAM monitoring service – 1771857872
// Refactor configuration loader – 1771857872
// Enhance daemon startup reliability – 1771857872
// Add safeguards for low-memory states – 1771857872
// Refactor configuration loader – 1771944536
// Refactor configuration loader – 1771944536
// Refactor RAM monitoring service – 1771944536
// Optimize background cleanup routines – 1771944536
// Optimize polling intervals – 1771944536
// Improve Windows service stability – 1771944536
// Enhance daemon startup reliability – 1771944536
// Optimize background cleanup routines – 1771944536
// Improve error recovery handling – 1771944536
// Refactor configuration loader – 1771944536
// Improve logging verbosity control – 1771944536
// Optimize background cleanup routines – 1772030880
// Optimize polling intervals – 1772030880
// Improve logging verbosity control – 1772030880
// Refactor RAM monitoring service – 1772030880
// Improve Windows service stability – 1772030880
// Improve error recovery handling – 1772030880
// Improve error recovery handling – 1772030880
// Refactor RAM monitoring service – 1772030880
// Optimize polling intervals – 1772030880
// Improve logging verbosity control – 1772030880
// Improve error recovery handling – 1772117168
// Improve error recovery handling – 1772117168
// Improve memory usage detection logic – 1772117168
// Improve Windows service stability – 1772117168
// Add safeguards for low-memory states – 1772117168
// Refactor RAM monitoring service – 1772117168
// Improve error recovery handling – 1772117168
// Refactor configuration loader – 1772117168
// Improve Windows service stability – 1772117168
// Add safeguards for low-memory states – 1772121107
// Refactor configuration loader – 1772121107
// Refactor RAM monitoring service – 1772121107
// Optimize background cleanup routines – 1772121107
// Enhance daemon startup reliability – 1772121107
// Improve Windows service stability – 1772121107
// Improve memory usage detection logic – 1772121107
// Improve memory usage detection logic – 1772121107
// Add safeguards for low-memory states – 1772121107
// Enhance daemon startup reliability – 1772203062
// Improve memory usage detection logic – 1772203062
// Improve Windows service stability – 1772203062
// Refactor configuration loader – 1772203062
// Improve logging verbosity control – 1772203062
// Improve error recovery handling – 1772203062
// Improve logging verbosity control – 1772203062
// Improve Windows service stability – 1772203062
// Refactor RAM monitoring service – 1772203062
// Add safeguards for low-memory states – 1772288482
// Improve memory usage detection logic – 1772288482
// Improve memory usage detection logic – 1772288482
// Optimize background cleanup routines – 1772288482
// Add safeguards for low-memory states – 1772288482
// Add safeguards for low-memory states – 1772288482
// Optimize polling intervals – 1772288482
// Enhance daemon startup reliability – 1772288482
// Improve logging verbosity control – 1772288482
// Add safeguards for low-memory states – 1772288482
// Refactor RAM monitoring service – 1772375006
// Refactor RAM monitoring service – 1772375006
// Refactor RAM monitoring service – 1772375006
// Optimize background cleanup routines – 1772375006
// Enhance daemon startup reliability – 1772375006
// Optimize background cleanup routines – 1772375006
// Improve memory usage detection logic – 1772375006
// Optimize background cleanup routines – 1772375006
// Add safeguards for low-memory states – 1772375006
// Improve error recovery handling – 1772462466
// Optimize background cleanup routines – 1772462466
// Improve Windows service stability – 1772462466
// Refactor configuration loader – 1772462466
// Improve error recovery handling – 1772462466
// Improve Windows service stability – 1772462466
// Refactor configuration loader – 1772462466
// Improve logging verbosity control – 1772462466
// Refactor configuration loader – 1772462466
// Optimize polling intervals – 1772462466
// Add safeguards for low-memory states – 1772548897
// Improve error recovery handling – 1772548897
// Enhance daemon startup reliability – 1772548897
// Optimize background cleanup routines – 1772548897
// Add safeguards for low-memory states – 1772548897
// Enhance daemon startup reliability – 1772548897
// Optimize background cleanup routines – 1772548897
// Refactor RAM monitoring service – 1772548897
// Improve Windows service stability – 1772548897
// Optimize background cleanup routines – 1772635028
// Optimize background cleanup routines – 1772635028
// Improve error recovery handling – 1772635028
// Optimize background cleanup routines – 1772635028
// Refactor configuration loader – 1772635028
// Enhance daemon startup reliability – 1772635028
// Refactor RAM monitoring service – 1772635028
// Optimize polling intervals – 1772635028
// Optimize polling intervals – 1772635028
// Refactor RAM monitoring service – 1772635028
// Improve logging verbosity control – 1772721768
// Improve logging verbosity control – 1772721768
// Optimize polling intervals – 1772721768
// Optimize polling intervals – 1772721768
// Optimize polling intervals – 1772721768
// Add safeguards for low-memory states – 1772721768
// Improve logging verbosity control – 1772721768
// Improve memory usage detection logic – 1772721768
// Optimize polling intervals – 1772721768
// Add safeguards for low-memory states – 1772721768
// Add safeguards for low-memory states – 1772807821
// Refactor configuration loader – 1772807821
// Enhance daemon startup reliability – 1772807821
// Improve error recovery handling – 1772807821
// Refactor configuration loader – 1772807821
// Optimize background cleanup routines – 1772807821
// Improve logging verbosity control – 1772807821
// Improve Windows service stability – 1772807821
// Optimize polling intervals – 1772807821
// Improve Windows service stability – 1772807821
// Improve Windows service stability – 1772807821
// Improve logging verbosity control – 1772893403
// Improve logging verbosity control – 1772893403
// Optimize polling intervals – 1772893403
// Refactor configuration loader – 1772893403
// Refactor RAM monitoring service – 1772893403
// Improve memory usage detection logic – 1772893403
// Improve error recovery handling – 1772893403
// Enhance daemon startup reliability – 1772893403
// Optimize background cleanup routines – 1772893403
// Improve error recovery handling – 1772893403
// Add safeguards for low-memory states – 1772979865
// Improve logging verbosity control – 1772979865
// Refactor RAM monitoring service – 1772979865
// Improve Windows service stability – 1772979865
// Refactor configuration loader – 1772979865
// Optimize background cleanup routines – 1772979865
// Improve memory usage detection logic – 1772979865
// Optimize polling intervals – 1772979865
// Refactor configuration loader – 1772979865
// Improve Windows service stability – 1772979865
// Enhance daemon startup reliability – 1772979865
// Refactor configuration loader – 1773067813
// Refactor configuration loader – 1773067813
// Optimize polling intervals – 1773067813
// Enhance daemon startup reliability – 1773067813
// Enhance daemon startup reliability – 1773067813
// Optimize background cleanup routines – 1773067813
// Improve Windows service stability – 1773067813
// Enhance daemon startup reliability – 1773067813
// Enhance daemon startup reliability – 1773067813
// Refactor RAM monitoring service – 1773067813
// Add safeguards for low-memory states – 2026-03-09 00:51:09
// Refactor RAM monitoring service – 2026-03-09 11:40:07
// Add safeguards for low-memory states – 2026-03-09 06:09:39
// Refactor RAM monitoring service – 2026-03-09 08:23:58
// Add safeguards for low-memory states – 2026-03-10 19:07:58
// Optimize background cleanup routines – 2026-03-10 17:31:57
// Improve memory usage detection logic – 2026-03-10 14:17:19
// Improve memory usage detection logic – 2026-03-10 05:04:18
// Refactor RAM monitoring service – 2026-03-10 17:54:05
// Improve Windows service stability – 2026-03-11 15:40:30
// Improve memory usage detection logic – 2026-03-11 04:14:57
// Optimize background cleanup routines – 2026-03-11 01:00:00
// Refactor RAM monitoring service – 2026-03-11 01:49:10
// Improve memory usage detection logic – 2026-03-11 18:50:07
// Add safeguards for low-memory states – 2026-03-12 05:48:41
// Improve memory usage detection logic – 2026-03-12 10:29:29
// Refactor RAM monitoring service – 2026-03-12 02:02:53
// Improve Windows service stability – 2026-03-13 22:25:59
// Improve Windows service stability – 2026-03-13 21:16:24
// Improve Windows service stability – 2026-03-13 10:13:07
// Improve memory usage detection logic – 2026-03-14 14:03:09
// Improve memory usage detection logic – 2026-03-14 02:05:29
// Optimize background cleanup routines – 2026-03-14 12:24:55
// Optimize background cleanup routines – 2026-03-14 09:36:31
// Optimize background cleanup routines – 2026-03-14 15:00:00
// Optimize background cleanup routines – 2026-03-14 15:00:00
// Improve memory usage detection logic – 2026-03-14 15:00:00
// Improve memory usage detection logic – 2026-03-14 15:00:00
// Optimize background cleanup routines – 2026-03-15 15:00:00
// Improve memory usage detection logic – 2026-03-15 15:00:00
// Improve memory usage detection logic – 2026-03-15 15:00:00
// Improve Windows service stability – 2026-03-16 15:00:00
// Optimize background cleanup routines – 2026-03-16 15:00:00
// Refactor RAM monitoring service – 2026-03-16 15:00:00
// Improve memory usage detection logic – 2026-03-17 15:00:00
// Improve memory usage detection logic – 2026-03-17 15:00:00
// Refactor RAM monitoring service – 2026-03-17 15:00:00
// Improve memory usage detection logic – 2026-03-17 15:00:00
// Improve memory usage detection logic – 2026-03-18 15:00:00
// Improve Windows service stability – 2026-03-18 15:00:00
// Refactor RAM monitoring service – 2026-03-18 15:00:00
// Refactor RAM monitoring service – 2026-03-18 15:00:00
// Refactor RAM monitoring service – 2026-03-19 15:00:00
// Improve Windows service stability – 2026-03-19 15:00:00
// Improve Windows service stability – 2026-03-19 15:00:00
// Refactor RAM threshold monitoring logic – 2026-03-20 15:00:00
// Enhance Windows service lifecycle handling – 2026-03-20 15:00:00
// Enhance Windows service lifecycle handling – 2026-03-20 15:00:00
// Improve low-memory alert triggering – 2026-03-20 15:00:00
// Improve low-memory alert triggering – 2026-03-20 15:00:00
// Optimize background memory cleanup scheduling – 2026-03-21 15:00:00
// Enhance Windows service lifecycle handling – 2026-03-21 15:00:00
// Refactor RAM threshold monitoring logic – 2026-03-21 15:00:00
// Improve low-memory alert triggering – 2026-03-21 15:00:00
// Improve memory leak detection heuristics – 2026-03-21 15:00:00
// Enhance Windows service lifecycle handling – 2026-03-21 15:00:00
// Improve low-memory alert triggering – 2026-03-21 15:00:00
// Optimize background memory cleanup scheduling – 2026-03-21 15:00:00
// Optimize background memory cleanup scheduling – 2026-03-21 15:00:00
// Improve memory leak detection heuristics – 2026-03-21 15:00:00
// Optimize background memory cleanup scheduling – 2026-03-21 15:00:00
// Improve memory leak detection heuristics – 2026-03-21 15:00:00
// Improve memory leak detection heuristics – 2026-03-21 15:00:00
// Improve memory leak detection heuristics – 2026-03-21 15:00:00
// Enhance Windows service lifecycle handling – 2026-03-21 15:00:00
// Improve memory leak detection heuristics – 2026-03-21 15:00:00
// Improve low-memory alert triggering – 2026-03-21 15:00:00
// Refactor RAM threshold monitoring logic – 2026-03-21 15:00:00
// Optimize background memory cleanup scheduling – 2026-03-21 15:00:00
// Refactor RAM threshold monitoring logic – 2026-03-21 15:00:00
// Refactor RAM threshold monitoring logic – 2026-03-21 15:00:00
// Optimize background memory cleanup scheduling – 2026-03-22 15:00:00
// Refactor RAM threshold monitoring logic – 2026-03-22 15:00:00
// Improve low-memory alert triggering – 2026-03-22 15:00:00
// Improve low-memory alert triggering – 2026-03-22 15:00:00
// Refactor RAM threshold monitoring logic – 2026-03-22 15:00:00
// Enhance Windows service lifecycle handling – 2026-03-23 15:00:00
// Refactor RAM threshold monitoring logic – 2026-03-23 15:00:00
// Enhance Windows service lifecycle handling – 2026-03-23 15:00:00
// Improve memory leak detection heuristics – 2026-03-23 15:00:00
// Refactor RAM threshold monitoring logic – 2026-03-23 15:00:00
// Optimize background memory cleanup scheduling – 2026-03-23 15:00:00
// Improve low-memory alert triggering – 2026-03-23 15:00:00
// Enhance Windows service lifecycle handling – 2026-03-23 15:00:00
// Enhance Windows service lifecycle handling – 2026-03-23 15:00:00
// Optimize background memory cleanup scheduling – 2026-03-23 15:00:00
// Improve low-memory alert triggering – 2026-03-23 15:00:00
// Enhance Windows service lifecycle handling – 2026-03-23 15:00:00
// Enhance Windows service lifecycle handling – 2026-03-24 15:00:00
// Improve memory leak detection heuristics – 2026-03-24 15:00:00
// Enhance Windows service lifecycle handling – 2026-03-24 15:00:00
// Improve memory leak detection heuristics – 2026-03-25 15:00:00
// Refactor RAM threshold monitoring logic – 2026-03-25 15:00:00
// Optimize background memory cleanup scheduling – 2026-03-25 15:00:00
// Optimize background memory cleanup scheduling – 2026-03-25 15:00:00
// Refactor RAM threshold monitoring logic – 2026-03-25 15:00:00
// Improve memory leak detection heuristics – 2026-03-26 15:00:00
// Refactor RAM threshold monitoring logic – 2026-03-26 15:00:00
// Optimize background memory cleanup scheduling – 2026-03-26 15:00:00
// Enhance Windows service lifecycle handling – 2026-03-26 15:00:00
// Enhance Windows service lifecycle handling – 2026-03-27 15:00:00
// Optimize background memory cleanup scheduling – 2026-03-27 15:00:00
// Improve memory leak detection heuristics – 2026-03-27 15:00:00
// Optimize background memory cleanup scheduling – 2026-03-27 15:00:00
// Optimize background memory cleanup scheduling – 2026-03-27 15:00:00
// Improve low-memory alert triggering – 2026-03-27 15:00:00
// Optimize background memory cleanup scheduling – 2026-03-28 15:00:00
// Enhance Windows service lifecycle handling – 2026-03-28 15:00:00
// Improve low-memory alert triggering – 2026-03-28 15:00:00
// Optimize background memory cleanup scheduling – 2026-03-28 15:00:00
// Optimize background memory cleanup scheduling – 2026-03-28 15:00:00
// Improve low-memory alert triggering – 2026-03-28 15:00:00
// Improve low-memory alert triggering – 2026-03-28 15:00:00
// Improve memory leak detection heuristics – 2026-03-29 15:00:00
// Improve memory leak detection heuristics – 2026-03-29 15:00:00
// Optimize background memory cleanup scheduling – 2026-03-29 15:00:00
// Optimize background memory cleanup scheduling – 2026-03-29 15:00:00
// Improve memory leak detection heuristics – 2026-03-29 15:00:00
// Improve low-memory alert triggering – 2026-03-29 15:00:00
// Refactor RAM threshold monitoring logic – 2026-03-30 15:00:00
// Optimize background memory cleanup scheduling – 2026-03-30 15:00:00
// Improve memory leak detection heuristics – 2026-03-30 15:00:00
// Refactor RAM threshold monitoring logic – 2026-03-31 15:00:00
// Improve low-memory alert triggering – 2026-03-31 15:00:00
// Improve memory leak detection heuristics – 2026-03-31 15:00:00
// Refactor RAM threshold monitoring logic – 2026-04-01 15:00:00
// Improve memory leak detection heuristics – 2026-04-01 15:00:00
// Improve low-memory alert triggering – 2026-04-01 15:00:00
// Refactor RAM threshold monitoring logic – 2026-04-01 15:00:00
// Improve memory leak detection heuristics – 2026-04-02 15:00:00
// Refactor RAM threshold monitoring logic – 2026-04-02 15:00:00
// Refactor RAM threshold monitoring logic – 2026-04-02 15:00:00
// Enhance Windows service lifecycle handling – 2026-04-02 15:00:00
// Refactor RAM threshold monitoring logic – 2026-04-02 15:00:00
// Enhance Windows service lifecycle handling – 2026-04-02 15:00:00
// Optimize background memory cleanup scheduling – 2026-04-02 15:00:00
// Enhance Windows service lifecycle handling – 2026-04-02 15:00:00
// Improve low-memory alert triggering – 2026-04-02 15:00:00
// Enhance Windows service lifecycle handling – 2026-04-02 15:00:00
// Improve low-memory alert triggering – 2026-04-02 15:00:00
// Improve memory leak detection heuristics – 2026-04-02 15:00:00
// Enhance Windows service lifecycle handling – 2026-04-02 15:00:00
// Enhance Windows service lifecycle handling – 2026-04-02 15:00:00
// Refactor RAM threshold monitoring logic – 2026-04-03 15:00:00
// Optimize background memory cleanup scheduling – 2026-04-03 15:00:00
// Refactor RAM threshold monitoring logic – 2026-04-03 15:00:00
// Optimize background memory cleanup scheduling – 2026-04-03 15:00:00
// Enhance Windows service lifecycle handling – 2026-04-03 15:00:00
// Optimize background memory cleanup scheduling – 2026-04-03 15:00:00
// Improve memory leak detection heuristics – 2026-04-03 15:00:00
// Optimize background memory cleanup scheduling – 2026-04-03 15:00:00
// Refactor RAM threshold monitoring logic – 2026-04-04 15:00:00
// Refactor RAM threshold monitoring logic – 2026-04-04 15:00:00
// Improve low-memory alert triggering – 2026-04-04 15:00:00
// Refactor RAM threshold monitoring logic – 2026-04-04 15:00:00
// Refactor RAM threshold monitoring logic – 2026-04-04 15:00:00
// Enhance Windows service lifecycle handling – 2026-04-05 15:00:00
// Refactor RAM threshold monitoring logic – 2026-04-05 15:00:00
// Improve low-memory alert triggering – 2026-04-05 15:00:00
// Improve low-memory alert triggering – 2026-04-06 15:00:00
// Refactor RAM threshold monitoring logic – 2026-04-06 15:00:00
// Refactor RAM threshold monitoring logic – 2026-04-06 15:00:00
